wmemulator: successfully bound to port 5001
connecting to host...
connected to 00:22:4C:19:DD:5F
                           [2;37mReporting 0x30 (core buttons)[0m
[2;37m1743431648.196257     [1;31mWii:[0m [33m17[0m [35m00 [32m00 17 70 [36m00 01[0m (read eeprom)[0m
[2;37m1743431648.196280 [1;34mWiimote:[0m [33m21[0m [0;34m00 00[0m [0;31mf8 [32m17 70[0m 00 00 00 00 00 00 00 00 00 00 00 00 00 00 00 00 (memory output)[0m
[2;37m1743431648.227679     [1;31mWii:[0m [33m12[0m (set reporting mode 30, cont: 1)[0m
                           [2;37mReporting 0x30 (core buttons)[0m
[2;37m1743431648.267485     [1;31mWii:[0m [33m1a[0m 02 00 (set ir cam enable 0)[0m
[2;37m1743431648.342561     [1;31mWii:[0m [33m11[0m (set player leds 0 1 0 0)[0m
[2;37m1743431648.407574     [1;31mWii:[0m [33m17[0m [35m00 [32m00 00 2a [36m00 38[0m (read eeprom)[0m
[2;37m1743431648.505037     [1;31mWii:[0m [33m17[0m [35m00 [32m00 00 62 [36m00 38[0m (read eeprom)[0m
[2;37m1743431648.625036     [1;31mWii:[0m [33m17[0m [35m00 [32m00 00 00 [36m00 2a[0m (read eeprom)[0m
[2;37m1743431648.722515     [1;31mWii:[0m [33m15[0m (status request)[0m
[2;37m1743431648.723836 [1;34mWiimote:[0m [33m20[0m [0;34m00 00[0m [0;35m20[0m 00 00 ff (status report)[0m
                           [2;37mReporting 0x30 (core buttons)[0m
[2;37m1743431648.797518     [1;31mWii:[0m [33m12[0m (set reporting mode 30, cont: 1)[0m
[2;37m1743431648.885049     [1;31mWii:[0m [33m13[0m 06 00 (set ir cam enable 1)[0m
[2;37m1743431648.950049     [1;31mWii:[0m [33m1a[0m 06 00 (set ir cam enable 1)[0m
[2;37m1743431649.015124     [1;31mWii:[0m [33m16[0m [35m04 [32mb0 00 30 [36m01[0m 01 00 15 00 00 f8 60 00 00 00 02 00 00 00 01 81 (write ir register b0)[0m
[2;37m1743431649.082562     [1;31mWii:[0m [33m16[0m [35m04 [32mb0 00 00 [36m09[0m 02 00 00 71 01 00 aa 00 64 99 54 81 59 14 c8 90 (write ir register b0)[0m
[2;37m1743431649.177585     [1;31mWii:[0m [33m16[0m [35m04 [32mb0 00 1a [36m02[0m 63 03 00 00 11 c2 6c 00 00 00 00 81 14 3b 04 81 (write ir register b0)[0m
[2;37m1743431649.252585     [1;31mWii:[0m [33m16[0m [35m04 [32mb0 00 33 [36m01[0m 03 00 00 81 14 3b 0c 90 00 6a fc 90 00 6b 20 81 (write ir register b0)[0m
[2;37m1743431649.253833 [1;34mWiimote:[0m [33m22[0m [0;34m00 00[0m [0;35m16 [0;31m00[0m (ack report: 16, res: 00)[0m
                           [2;37mReporting 0x30 (core buttons)[0m
[2;37m1743431649.340122     [1;31mWii:[0m [33m16[0m [35m04 [32mb0 00 30 [36m01[0m 08 00 00 00 00 00 00 00 00 00 00 00 00 00 00 00 (write ir register b0)[0m
[2;37m1743431649.415013     [1;31mWii:[0m [33m15[0m (status request)[0m
[2;37m1743431649.512520     [1;31mWii:[0m [33m12[0m (set reporting mode 33, cont: 1)[0m
[2;37m1743431649.632541     [1;31mWii:[0m [33m12[0m (set reporting mode 33, cont: 1)[0m
[2;37m1743431649.665043     [1;31mWii:[0m [33m10[0m (set rumble 1)[0m
[2;37m1743431649.714982     [1;31mWii:[0m [33m10[0m (set rumble 0)[0m
[2;37m1743431650.961293     [1;31mWii:[0m [33m10[0m (set rumble 1)[0m
[2;37m1743431651.026295     [1;31mWii:[0m [33m10[0m (set rumble 0)[0m
[2;37m1743431652.033732     [1;31mWii:[0m [33m10[0m (set rumble 1)[0m
[2;37m1743431652.076252     [1;31mWii:[0m [33m10[0m (set rumble 0)[0m
[2;37m1743431652.374975     [1;31mWii:[0m [33m10[0m (set rumble 1)[0m
[2;37m1743431652.437478     [1;31mWii:[0m [33m10[0m (set rumble 0)[0m
[2;37m1743431652.694978     [1;31mWii:[0m [33m10[0m (set rumble 1)[0m
[2;37m1743431652.755003     [1;31mWii:[0m [33m10[0m (set rumble 0)[0m
[2;37m1743431653.216283     [1;31mWii:[0m [33m10[0m (set rumble 1)[0m
[2;37m1743431653.280038     [1;31mWii:[0m [33m10[0m (set rumble 0)[0m
[2;37m1743431653.541285     [1;31mWii:[0m [33m10[0m (set rumble 1)[0m
[2;37m1743431653.606225     [1;31mWii:[0m [33m10[0m (set rumble 0)[0m
[2;37m1743431653.941224     [1;31mWii:[0m [33m10[0m (set rumble 1)[0m
[2;37m1743431653.996225     [1;31mWii:[0m [33m10[0m (set rumble 0)[0m
[2;37m1743431654.303787     [1;31mWii:[0m [33m10[0m (set rumble 1)[0m
[2;37m1743431654.358722     [1;31mWii:[0m [33m10[0m (set rumble 0)[0m
[2;37m1743431655.073720     [1;31mWii:[0m [33m10[0m (set rumble 1)[0m
[2;37m1743431655.116242     [1;31mWii:[0m [33m10[0m (set rumble 0)[0m
[2;37m1743431655.398742     [1;31mWii:[0m [33m10[0m (set rumble 1)[0m
[2;37m1743431655.463722     [1;31mWii:[0m [33m10[0m (set rumble 0)[0m
[2;37m1743431655.766279     [1;31mWii:[0m [33m15[0m (status request)[0m
[2;37m1743431655.766427 [1;34mWiimote:[0m [33m20[0m [0;34m00 80[0m [0;35m28[0m 00 00 ff (status report)[0m
                           [2;37mReporting 0x33 (core buttons + accelerometer + 12 ir bytes)[0m
[2;37m1743431655.896245     [1;31mWii:[0m [33m12[0m (set reporting mode 33, cont: 1)[0m
[2;37m1743431656.156238     [1;31mWii:[0m [33m14[0m (set speaker enable 0)[0m
[2;37m1743431656.253776     [1;31mWii:[0m [33m19[0m (set speaker enable 0)[0m
[2;37m1743431656.351288     [1;31mWii:[0m [33m16[0m [35m04 [32ma2 00 09 [36m01[0m 01 91 18 81 51 48 34 02 0e 13 00 00 00 00 00 81 (write speaker register a2)[0m
[2;37m1743431656.353810 [1;34mWiimote:[0m [33m22[0m [0;34m00 00[0m [0;35m16 [0;31m00[0m (ack report: 16, res: 00)[0m
                           [2;37mReporting 0x33 (core buttons + accelerometer + 12 ir bytes)[0m
[2;37m1743431656.471366     [1;31mWii:[0m [33m16[0m [35m04 [32ma2 00 01 [36m01[0m 80 00 00 00 00 00 00 00 00 00 00 00 00 00 00 00 (write speaker register a2)[0m
[2;37m1743431656.568849     [1;31mWii:[0m [33m16[0m [35m04 [32ma2 00 01 [36m07[0m 00 00 d0 07 7f 0c 0e 00 00 00 00 00 00 00 00 81 (write speaker register a2)[0m
[2;37m1743431656.633773     [1;31mWii:[0m [33m19[0m (set speaker enable 1)[0m
[2;37m1743431656.731273     [1;31mWii:[0m [33m15[0m (status request)[0m
[2;37m1743431656.838741     [1;31mWii:[0m [33m12[0m (set reporting mode 33, cont: 1)[0m
[2;37m1743431656.958808     [1;31mWii:[0m [33m16[0m [35m04 [32ma2 00 08 [36m01[0m 01 00 00 00 00 00 00 00 00 00 00 00 00 00 00 00 (write speaker register a2)[0m
[2;37m1743431656.960060 [1;34mWiimote:[0m [33m22[0m [0;34m00 00[0m [0;35m16 [0;31m00[0m (ack report: 16, res: 00)[0m
                           [2;37mReporting 0x33 (core buttons + accelerometer + 12 ir bytes)[0m
[2;37m1743431657.456273     [1;31mWii:[0m [33m10[0m (set rumble 1)[0m
[2;37m1743431657.521270     [1;31mWii:[0m [33m10[0m (set rumble 0)[0m
[2;37m1743431657.857519     [1;31mWii:[0m [33m10[0m (set rumble 1)[0m
[2;37m1743431657.921233     [1;31mWii:[0m [33m10[0m (set rumble 0)[0m
[2;37m1743431658.176261     [1;31mWii:[0m [33m10[0m (set rumble 1)[0m
[2;37m1743431658.241232     [1;31mWii:[0m [33m10[0m (set rumble 0)[0m
[2;37m1743431658.534956     [1;31mWii:[0m [33m10[0m (set rumble 1)[0m
[2;37m1743431658.598768     [1;31mWii:[0m [33m10[0m (set rumble 0)[0m
[2;37m1743431658.913730     [1;31mWii:[0m [33m10[0m (set rumble 1)[0m
[2;37m1743431658.956204     [1;31mWii:[0m [33m10[0m (set rumble 0)[0m
[2;37m1743431659.953727     [1;31mWii:[0m [33m10[0m (set rumble 1)[0m
[2;37m1743431659.996202     [1;31mWii:[0m [33m10[0m (set rumble 0)[0m
[2;37m1743431660.473724     [1;31mWii:[0m [33m10[0m (set rumble 1)[0m
[2;37m1743431660.516260     [1;31mWii:[0m [33m10[0m (set rumble 0)[0m
[2;37m1743431660.798699     [1;31mWii:[0m [33m10[0m (set rumble 1)[0m
[2;37m1743431660.863722     [1;31mWii:[0m [33m10[0m (set rumble 0)[0m
[2;37m1743431661.135008     [1;31mWii:[0m [33m10[0m (set rumble 1)[0m
[2;37m1743431661.198697     [1;31mWii:[0m [33m10[0m (set rumble 0)[0m
[2;37m1743431663.013752     [1;31mWii:[0m [33m10[0m (set rumble 1)[0m
[2;37m1743431663.056251     [1;31mWii:[0m [33m10[0m (set rumble 0)[0m
[2;37m1743431663.415001     [1;31mWii:[0m [33m10[0m (set rumble 1)[0m
[2;37m1743431663.478749     [1;31mWii:[0m [33m10[0m (set rumble 0)[0m
[2;37m1743431664.151248     [1;31mWii:[0m [33m10[0m (set rumble 1)[0m
[2;37m1743431664.194997     [1;31mWii:[0m [33m10[0m (set rumble 0)[0m
[2;37m1743431666.788739     [1;31mWii:[0m [33m10[0m (set rumble 1)[0m
[2;37m1743431666.853678     [1;31mWii:[0m [33m10[0m (set rumble 0)[0m
[2;37m1743431667.991198     [1;31mWii:[0m [33m10[0m (set rumble 1)[0m
[2;37m1743431668.034984     [1;31mWii:[0m [33m10[0m (set rumble 0)[0m
[2;37m1743431668.578733     [1;31mWii:[0m [33m10[0m (set rumble 1)[0m
[2;37m1743431668.643732     [1;31mWii:[0m [33m10[0m (set rumble 0)[0m
[2;37m1743431669.562419     [1;31mWii:[0m [33m10[0m (set rumble 1)[0m
[2;37m1743431669.598729     [1;31mWii:[0m [33m10[0m (set rumble 0)[0m
[2;37m1743431670.042418     [1;31mWii:[0m [33m10[0m (set rumble 1)[0m
[2;37m1743431670.108666     [1;31mWii:[0m [33m10[0m (set rumble 0)[0m
[2;37m1743431671.343686     [1;31mWii:[0m [33m10[0m (set rumble 1)[0m
[2;37m1743431671.408686     [1;31mWii:[0m [33m10[0m (set rumble 0)[0m
[2;37m1743431672.654967     [1;31mWii:[0m [33m10[0m (set rumble 1)[0m
[2;37m1743431672.718657     [1;31mWii:[0m [33m10[0m (set rumble 0)[0m
[2;37m1743431673.228716     [1;31mWii:[0m [33m10[0m (set rumble 1)[0m
[2;37m1743431673.293655     [1;31mWii:[0m [33m10[0m (set rumble 0)[0m
[2;37m1743431673.623679     [1;31mWii:[0m [33m10[0m (set rumble 1)[0m
[2;37m1743431673.688677     [1;31mWii:[0m [33m10[0m (set rumble 0)[0m
[2;37m1743431675.833710     [1;31mWii:[0m [33m10[0m (set rumble 1)[0m
[2;37m1743431675.876206     [1;31mWii:[0m [33m10[0m (set rumble 0)[0m
[2;37m1743431677.691202     [1;31mWii:[0m [33m10[0m (set rumble 1)[0m
[2;37m1743431677.734912     [1;31mWii:[0m [33m10[0m (set rumble 0)[0m
[2;37m1743431679.534908     [1;31mWii:[0m [33m10[0m (set rumble 1)[0m
[2;37m1743431679.599913     [1;31mWii:[0m [33m10[0m (set rumble 0)[0m
[2;37m1743431680.402442     [1;31mWii:[0m [33m10[0m (set rumble 1)[0m
[2;37m1743431680.467404     [1;31mWii:[0m [33m10[0m (set rumble 0)[0m
[2;37m1743431683.266145     [1;31mWii:[0m [33m10[0m (set rumble 1)[0m
[2;37m1743431683.331119     [1;31mWii:[0m [33m10[0m (set rumble 0)[0m
poll error
Latency statistics:
  IR:         average 1511 µs (1326 samples)
  Accelerometer: average 1498 µs (1457 samples)
  Button:     average 5388 µs (25 samples)
cleaning up...
